<?xml version="1.0" encoding="UTF-8"?>
<testng-results ignored="0" total="1" passed="1" failed="0" skipped="0">
  <reporter-output>
  </reporter-output>
  <suite started-at="2021-03-21T01:43:13 GST" name="Default suite" finished-at="2021-03-21T01:43:29 GST" duration-ms="15998">
    <groups>
    </groups>
    <test started-at="2021-03-21T01:43:13 GST" name="Default test" finished-at="2021-03-21T01:43:29 GST" duration-ms="15998">
      <class name="seleniumdemoproject.TestSelenium">
        <test-method is-config="true" signature="open()[pri:0, instance:seleniumdemoproject.TestSelenium@32910148]" started-at="2021-03-21T01:43:13 GST" name="open" finished-at="2021-03-21T01:43:21 GST" duration-ms="8317" status="PASS">
          <reporter-output>
          </reporter-output>
        </test-method> <!-- open -->
        <test-method signature="testcase01()[pri:0, instance:seleniumdemoproject.TestSelenium@32910148]" started-at="2021-03-21T01:43:21 GST" name="testcase01" finished-at="2021-03-21T01:43:25 GST" duration-ms="3721" status="PASS">
          <reporter-output>
          </reporter-output>
        </test-method> <!-- testcase01 -->
        <test-method is-config="true" signature="close()[pri:0, instance:seleniumdemoproject.TestSelenium@32910148]" started-at="2021-03-21T01:43:25 GST" name="close" finished-at="2021-03-21T01:43:29 GST" duration-ms="3845" status="PASS">
          <reporter-output>
          </reporter-output>
        </test-method> <!-- close -->
      </class> <!-- seleniumdemoproject.TestSelenium -->
    </test> <!-- Default test -->
  </suite> <!-- Default suite -->
</testng-results>
